java.nio.file.NoSuchFileException: /Users/kojimayuto/Desktop/scala_lessons/.ensime
	at java.base/sun.nio.fs.UnixException.translateToIOException(UnixException.java:92)
	at java.base/sun.nio.fs.UnixException.rethrowAsIOException(UnixException.java:111)
	at java.base/sun.nio.fs.UnixException.rethrowAsIOException(UnixException.java:116)
	at java.base/sun.nio.fs.UnixFileSystemProvider.newByteChannel(UnixFileSystemProvider.java:219)
	at java.base/java.nio.file.Files.newByteChannel(Files.java:373)
	at java.base/java.nio.file.Files.newByteChannel(Files.java:424)
	at java.base/java.nio.file.Files.readAllBytes(Files.java:3280)
	at org.ensime.util.path.package$RichPath$.readBytes$extension(path.scala:40)
	at org.ensime.util.path.package$RichPath$.readString$extension(path.scala:41)
	at org.github.dragos.vscode.EnsimeLanguageServer.$anonfun$initializeEnsime$1(EnsimeLanguageServer.scala:101)
	at scala.util.Try$.apply(Try.scala:209)
	at org.github.dragos.vscode.EnsimeLanguageServer.initializeEnsime(EnsimeLanguageServer.scala:97)
	at org.github.dragos.vscode.EnsimeLanguageServer.initialize(EnsimeLanguageServer.scala:76)
	at langserver.core.LanguageServer.$anonfun$connection$1(LanguageServer.scala:19)
	at langserver.core.Connection.$anonfun$handleCommand$1(Connection.scala:163)
	at scala.concurrent.Future$.$anonfun$apply$1(Future.scala:654)
	at scala.util.Success.$anonfun$map$1(Try.scala:251)
	at scala.util.Success.map(Try.scala:209)
	at scala.concurrent.Future.$anonfun$map$1(Future.scala:288)
	at scala.concurrent.impl.Promise.liftedTree1$1(Promise.scala:29)
	at scala.concurrent.impl.Promise.$anonfun$transform$1(Promise.scala:29)
	at scala.concurrent.impl.CallbackRunnable.run(Promise.scala:60)
	at java.base/java.util.concurrent.ThreadPoolExecutor.runWorker(ThreadPoolExecutor.java:1128)
	at java.base/java.util.concurrent.ThreadPoolExecutor$Worker.run(ThreadPoolExecutor.java:628)
	at java.base/java.lang.Thread.run(Thread.java:835)
